<?xml version="1.0" encoding="UTF-8"?>
<!-- Generated by org.testng.reporters.JUnitXMLReporter -->
<testsuite ignored="3" hostname="LAPTOP-P42BDU4T" failures="0" tests="2" name="System Test Cases" time="0.086" errors="0" timestamp="2024-09-02T18:37:52 IST">
  <testcase classname="Selenium.TestNG_Package.Grouping" name="test1" time="0.008"/>
  <testcase classname="Selenium.TestNG_Package.Grouping" name="test4" time="0.001"/>
  <testcase classname="Selenium.TestNG_Package.Grouping" name="test3" time="0.0">
    <ignored/>
  </testcase> <!-- test3 -->
  <testcase classname="Selenium.TestNG_Package.Grouping" name="test2" time="0.0">
    <ignored/>
  </testcase> <!-- test2 -->
  <testcase classname="Selenium.TestNG_Package.Grouping" name="test5" time="0.0">
    <ignored/>
  </testcase> <!-- test5 -->
</testsuite> <!-- System Test Cases -->
