<?xml version="1.0" encoding="UTF-8"?>
<!-- Generated by org.testng.reporters.JUnitXMLReporter -->
<testsuite ignored="1" hostname="LAPTOP-P42BDU4T" failures="0" tests="4" name="Smoke Test Cases" time="0.055" errors="0" timestamp="2024-09-02T18:34:54 IST">
  <testcase classname="Selenium.TestNG_Package.Grouping" name="test1" time="0.007"/>
  <testcase classname="Selenium.TestNG_Package.Grouping" name="test2" time="0.001"/>
  <testcase classname="Selenium.TestNG_Package.Grouping" name="test3" time="0.001"/>
  <testcase classname="Selenium.TestNG_Package.Grouping" name="test5" time="0.001"/>
  <testcase classname="Selenium.TestNG_Package.Grouping" name="test4" time="0.0">
    <ignored/>
  </testcase> <!-- test4 -->
</testsuite> <!-- Smoke Test Cases -->
