<?xml version="1.0" encoding="UTF-8"?>
<testng-results ignored="0" total="1" passed="1" failed="0" skipped="0">
  <reporter-output>
  </reporter-output>
  <suite started-at="2024-09-19T14:19:10 IST" name="Default suite" finished-at="2024-09-19T14:19:26 IST" duration-ms="16613">
    <groups>
    </groups>
    <test started-at="2024-09-19T14:19:10 IST" name="Default test" finished-at="2024-09-19T14:19:26 IST" duration-ms="16613">
      <class name="amz.test.TestCase1">
        <test-method is-config="true" signature="launching()[pri:0, instance:amz.test.TestCase1@6da21078]" started-at="2024-09-19T14:19:10 IST" name="launching" finished-at="2024-09-19T14:19:14 IST" duration-ms="4406" status="PASS">
          <reporter-output>
          </reporter-output>
        </test-method> <!-- launching -->
        <test-method signature="login_to_amazon()[pri:0, instance:amz.test.TestCase1@6da21078]" started-at="2024-09-19T14:19:14 IST" name="login_to_amazon" finished-at="2024-09-19T14:19:24 IST" duration-ms="9728" status="PASS">
          <reporter-output>
          </reporter-output>
        </test-method> <!-- login_to_amazon -->
        <test-method is-config="true" signature="Quit()[pri:0, instance:amz.test.TestCase1@6da21078]" started-at="2024-09-19T14:19:24 IST" name="Quit" finished-at="2024-09-19T14:19:26 IST" duration-ms="2446" status="PASS">
          <reporter-output>
          </reporter-output>
        </test-method> <!-- Quit -->
      </class> <!-- amz.test.TestCase1 -->
    </test> <!-- Default test -->
  </suite> <!-- Default suite -->
</testng-results>
